# JRE version: OpenJDK Runtime Environment (21.0.6) (build 21.0.6+-13368085-b895.109)
# Java VM: OpenJDK 64-Bit Server VM (21.0.6+-13368085-b895.109, mixed mode, tiered, compressed oops, compressed class ptrs, g1 gc, windows-amd64)
GC Precious Log:
 CardTable entry size: 512
 Card Set container configuration: InlinePtr #cards 5 size 8 Array Of Cards #cards 12 size 40 Howl #buckets 4 coarsen threshold 1843 Howl Bitmap #cards 512 size 80 coarsen threshold 460 Card regions per heap region 1 cards per card region 2048
 CPUs: 6 total, 6 available
 Memory: 16207M
 Large Page Support: Disabled
 NUMA Support: Disabled
 Compressed Oops: Enabled (32-bit)
 Heap Region Size: 1M
 Heap Min Capacity: 8M
 Heap Initial Capacity: 254M
 Heap Max Capacity: 2G
 Pre-touch: Disabled
 Parallel Workers: 6
 Concurrent Workers: 2
 Concurrent Refinement Workers: 6
 Periodic GC: Disabled
Heap:
 garbage-first heap   total 261120K, used 204267K [0x0000000080000000, 0x0000000100000000)
  region size 1024K, 8 young (8192K), 7 survivors (7168K)
 Metaspace       used 153588K, committed 155968K, reserved 1245184K
  class space    used 20589K, committed 21824K, reserved 1048576K
GC Heap History (20 events):
Event: 17.022 GC heap before
{Heap before GC invocations=47 (full 0):
 garbage-first heap   total 193536K, used 173323K [0x0000000080000000, 0x0000000100000000)
  region size 1024K, 60 young (61440K), 8 survivors (8192K)
 Metaspace       used 125775K, committed 128000K, reserved 1179648K
  class space    used 16918K, committed 18048K, reserved 1048576K
}
Event: 17.028 GC heap after
{Heap after GC invocations=48 (full 0):
 garbage-first heap   total 193536K, used 125214K [0x0000000080000000, 0x0000000100000000)
  region size 1024K, 7 young (7168K), 7 survivors (7168K)
 Metaspace       used 125775K, committed 128000K, reserved 1179648K
  class space    used 16918K, committed 18048K, reserved 1048576K
}
Event: 24.277 GC heap before
{Heap before GC invocations=49 (full 0):
 garbage-first heap   total 211968K, used 172318K [0x0000000080000000, 0x0000000100000000)
  region size 1024K, 54 young (55296K), 7 survivors (7168K)
 Metaspace       used 128206K, committed 130560K, reserved 1179648K
  class space    used 17256K, committed 18432K, reserved 1048576K
}
Event: 24.283 GC heap after
{Heap after GC invocations=50 (full 0):
 garbage-first heap   total 211968K, used 126995K [0x0000000080000000, 0x0000000100000000)
  region size 1024K, 4 young (4096K), 4 survivors (4096K)
 Metaspace       used 128206K, committed 130560K, reserved 1179648K
  class space    used 17256K, committed 18432K, reserved 1048576K
}
Event: 191.821 GC heap before
{Heap before GC invocations=50 (full 0):
 garbage-first heap   total 211968K, used 191507K [0x0000000080000000, 0x0000000100000000)
  region size 1024K, 68 young (69632K), 4 survivors (4096K)
 Metaspace       used 133644K, committed 135936K, reserved 1179648K
  class space    used 17764K, committed 18944K, reserved 1048576K
}
Event: 191.825 GC heap after
{Heap after GC invocations=51 (full 0):
 garbage-first heap   total 211968K, used 126695K [0x0000000080000000, 0x0000000100000000)
  region size 1024K, 5 young (5120K), 5 survivors (5120K)
 Metaspace       used 133644K, committed 135936K, reserved 1179648K
  class space    used 17764K, committed 18944K, reserved 1048576K
}
Event: 192.677 GC heap before
{Heap before GC invocations=51 (full 0):
 garbage-first heap   total 211968K, used 195303K [0x0000000080000000, 0x0000000100000000)
  region size 1024K, 72 young (73728K), 5 survivors (5120K)
 Metaspace       used 134102K, committed 136448K, reserved 1179648K
  class space    used 17765K, committed 18944K, reserved 1048576K
}
Event: 192.687 GC heap after
{Heap after GC invocations=52 (full 0):
 garbage-first heap   total 211968K, used 136091K [0x0000000080000000, 0x0000000100000000)
  region size 1024K, 9 young (9216K), 9 survivors (9216K)
 Metaspace       used 134102K, committed 136448K, reserved 1179648K
  class space    used 17765K, committed 18944K, reserved 1048576K
}
Event: 400.582 GC heap before
{Heap before GC invocations=53 (full 0):
 garbage-first heap   total 227328K, used 189339K [0x0000000080000000, 0x0000000100000000)
  region size 1024K, 62 young (63488K), 9 survivors (9216K)
 Metaspace       used 134343K, committed 136640K, reserved 1179648K
  class space    used 17771K, committed 18944K, reserved 1048576K
}
Event: 400.594 GC heap after
{Heap after GC invocations=54 (full 0):
 garbage-first heap   total 227328K, used 141340K [0x0000000080000000, 0x0000000100000000)
  region size 1024K, 5 young (5120K), 5 survivors (5120K)
 Metaspace       used 134343K, committed 136640K, reserved 1179648K
  class space    used 17771K, committed 18944K, reserved 1048576K
}
Event: 451.141 GC heap before
{Heap before GC invocations=54 (full 0):
 garbage-first heap   total 227328K, used 206876K [0x0000000080000000, 0x0000000100000000)
  region size 1024K, 69 young (70656K), 5 survivors (5120K)
 Metaspace       used 134882K, committed 137216K, reserved 1179648K
  class space    used 17814K, committed 19008K, reserved 1048576K
}
Event: 451.148 GC heap after
{Heap after GC invocations=55 (full 0):
 garbage-first heap   total 227328K, used 145906K [0x0000000080000000, 0x0000000100000000)
  region size 1024K, 9 young (9216K), 9 survivors (9216K)
 Metaspace       used 134882K, committed 137216K, reserved 1179648K
  class space    used 17814K, committed 19008K, reserved 1048576K
}
Event: 451.706 GC heap before
{Heap before GC invocations=55 (full 0):
 garbage-first heap   total 227328K, used 204274K [0x0000000080000000, 0x0000000100000000)
  region size 1024K, 67 young (68608K), 9 survivors (9216K)
 Metaspace       used 135138K, committed 137600K, reserved 1179648K
  class space    used 17816K, committed 19072K, reserved 1048576K
}
Event: 451.716 GC heap after
{Heap after GC invocations=56 (full 0):
 garbage-first heap   total 227328K, used 155909K [0x0000000080000000, 0x0000000100000000)
  region size 1024K, 9 young (9216K), 9 survivors (9216K)
 Metaspace       used 135138K, committed 137600K, reserved 1179648K
  class space    used 17816K, committed 19072K, reserved 1048576K
}
Event: 454.969 GC heap before
{Heap before GC invocations=57 (full 0):
 garbage-first heap   total 261120K, used 201989K [0x0000000080000000, 0x0000000100000000)
  region size 1024K, 55 young (56320K), 9 survivors (9216K)
 Metaspace       used 139120K, committed 141568K, reserved 1179648K
  class space    used 18391K, committed 19648K, reserved 1048576K
}
Event: 454.976 GC heap after
{Heap after GC invocations=58 (full 0):
 garbage-first heap   total 261120K, used 158483K [0x0000000080000000, 0x0000000100000000)
  region size 1024K, 4 young (4096K), 4 survivors (4096K)
 Metaspace       used 139120K, committed 141568K, reserved 1179648K
  class space    used 18391K, committed 19648K, reserved 1048576K
}
Event: 456.032 GC heap before
{Heap before GC invocations=58 (full 0):
 garbage-first heap   total 261120K, used 236307K [0x0000000080000000, 0x0000000100000000)
  region size 1024K, 81 young (82944K), 4 survivors (4096K)
 Metaspace       used 150003K, committed 152384K, reserved 1245184K
  class space    used 19976K, committed 21248K, reserved 1048576K
}
Event: 456.040 GC heap after
{Heap after GC invocations=59 (full 0):
 garbage-first heap   total 261120K, used 150999K [0x0000000080000000, 0x0000000100000000)
  region size 1024K, 4 young (4096K), 4 survivors (4096K)
 Metaspace       used 150003K, committed 152384K, reserved 1245184K
  class space    used 19976K, committed 21248K, reserved 1048576K
}
Event: 456.603 GC heap before
{Heap before GC invocations=59 (full 0):
 garbage-first heap   total 261120K, used 190935K [0x0000000080000000, 0x0000000100000000)
  region size 1024K, 45 young (46080K), 4 survivors (4096K)
 Metaspace       used 153584K, committed 155968K, reserved 1245184K
  class space    used 20588K, committed 21824K, reserved 1048576K
}
Event: 456.607 GC heap after
{Heap after GC invocations=60 (full 0):
 garbage-first heap   total 261120K, used 154091K [0x0000000080000000, 0x0000000100000000)
  region size 1024K, 7 young (7168K), 7 survivors (7168K)
 Metaspace       used 153584K, committed 155968K, reserved 1245184K
  class space    used 20588K, committed 21824K, reserved 1048576K
}

